c:\users\kosta\desktop\minic with matlab matrices\lab_exe3\grammar.tab.cpp
c:\users\kosta\desktop\minic with matlab matrices\lab_exe3\grammar.flex.cpp
c:\users\kosta\desktop\minic with matlab matrices\lab_exe3\debug\vc142.pdb
c:\users\kosta\desktop\minic with matlab matrices\lab_exe3\debug\vc142.idb
c:\users\kosta\desktop\minic with matlab matrices\lab_exe3\debug\symboltable.obj
c:\users\kosta\desktop\minic with matlab matrices\lab_exe3\debug\symbolnodes.obj
c:\users\kosta\desktop\minic with matlab matrices\lab_exe3\debug\stnode.obj
c:\users\kosta\desktop\minic with matlab matrices\lab_exe3\debug\main.obj
c:\users\kosta\desktop\minic with matlab matrices\lab_exe3\debug\grammar.tab.obj
c:\users\kosta\desktop\minic with matlab matrices\lab_exe3\debug\grammar.flex.obj
c:\users\kosta\desktop\minic with matlab matrices\lab_exe3\debug\visit_getarraytype.obj
c:\users\kosta\desktop\minic with matlab matrices\lab_exe3\debug\visit_eval.obj
c:\users\kosta\desktop\minic with matlab matrices\debug\lab_exe3.ilk
c:\users\kosta\desktop\minic with matlab matrices\debug\lab_exe3.exe
c:\users\kosta\desktop\minic with matlab matrices\debug\lab_exe3.pdb
c:\users\kosta\desktop\minic with matlab matrices\lab_exe3\debug\lab_exe3.write.1.tlog
c:\users\kosta\desktop\minic with matlab matrices\lab_exe3\debug\lab_exe3.tlog\cl.command.1.tlog
c:\users\kosta\desktop\minic with matlab matrices\lab_exe3\debug\lab_exe3.tlog\cl.read.1.tlog
c:\users\kosta\desktop\minic with matlab matrices\lab_exe3\debug\lab_exe3.tlog\cl.write.1.tlog
c:\users\kosta\desktop\minic with matlab matrices\lab_exe3\debug\lab_exe3.tlog\link.command.1.tlog
c:\users\kosta\desktop\minic with matlab matrices\lab_exe3\debug\lab_exe3.tlog\link.read.1.tlog
c:\users\kosta\desktop\minic with matlab matrices\lab_exe3\debug\lab_exe3.tlog\link.write.1.tlog
